<?xml version="1.0" encoding="UTF-8"?>
<!-- Generated by org.testng.reporters.JUnitXMLReporter -->
<testsuite ignored="0" hostname="LAPTOP-MTLRPAET" failures="0" tests="1" name="Test" time="0.092" errors="0" timestamp="2022-07-06T23:11:11 IST">
  <testcase classname="AngelOneTest.AngelOneTest" name="@BeforeClass LaunchBrowser" time="-1.65712927152E9">
    <failure type="org.testng.TestNGException" message="
Parameter &amp;apos;BrowserName&amp;apos; is required by BeforeClass on method LaunchBrowser but has not been marked @Optional or defined
in C:\Users\Ajay Bharat Kokate\eclipse-workspace\TRAINGNG\Angleonetestng.xml">
      <![CDATA[org.testng.TestNGException: 
Parameter 'BrowserName' is required by BeforeClass on method LaunchBrowser but has not been marked @Optional or defined
in C:\Users\Ajay Bharat Kokate\eclipse-workspace\TRAINGNG\Angleonetestng.xml
at java.base/java.util.ArrayList.forEach(ArrayList.java:1511)
... Removed 22 stack frames]]>
    </failure>
  </testcase> <!-- @BeforeClass LaunchBrowser -->
  <testcase classname="AngelOneTest.AngelOneTest" name="@BeforeMethod LogInInAngleOne" time="-1.657129271557E9">
    <skipped/>
  </testcase> <!-- @BeforeMethod LogInInAngleOne -->
  <testcase classname="AngelOneTest.AngelOneTest" name="@AfterMethod LogoutFromAngleOne" time="-1.657129271568E9">
    <skipped/>
  </testcase> <!-- @AfterMethod LogoutFromAngleOne -->
  <testcase classname="AngelOneTest.AngelOneTest" name="validateUserid" time="0.0">
    <skipped/>
  </testcase> <!-- validateUserid -->
</testsuite> <!-- Test -->
